<?xml version="1.0" encoding="UTF-8"?>
<!-- Generated by org.testng.reporters.JUnitReportReporter -->
<testsuite hostname="khawla" failures="0" tests="3" name="regi.pageOne" time="42.464" errors="0" timestamp="2023-07-21T12:14:55 CEST" skipped="0">
  <testcase classname="regi.pageOne" name="registerTestCases" time="12.537"/>
  <testcase classname="regi.pageOne" name="registerTestCases" time="16.689"/>
  <testcase classname="regi.pageOne" name="registerTestCases" time="13.238"/>
</testsuite> <!-- regi.pageOne -->
