<?xml version="1.0" encoding="UTF-8"?>
<!-- Generated by org.testng.reporters.JUnitReportReporter -->
<testsuite hostname="khawla" failures="0" tests="1" name="regi.test" time="12.745" errors="0" timestamp="2023-10-02T18:22:46 CEST" skipped="0">
  <testcase classname="regi.test" name="listeavectab" time="12.745"/>
</testsuite> <!-- regi.test -->
