<?xml version="1.0" encoding="UTF-8"?>
<!-- Generated by org.testng.reporters.JUnitReportReporter -->
<testsuite hostname="khawla" failures="0" tests="1" name="regi.playriter_testcases" time="17.850" errors="0" timestamp="2023-09-30T23:24:05 CEST" skipped="0">
  <testcase classname="regi.playriter_testcases" name="verifier_course_playriter" time="17.850"/>
</testsuite> <!-- regi.playriter_testcases -->
