<?xml version="1.0" encoding="UTF-8"?>
<!-- Generated by org.testng.reporters.JUnitReportReporter -->
<testsuite hostname="khawla" failures="0" tests="1" name="regi.test2" time="13.006" errors="0" timestamp="2023-08-17T15:25:24 CEST" skipped="0">
  <testcase classname="regi.test2" name="f" time="13.006"/>
</testsuite> <!-- regi.test2 -->
