<?xml version="1.0" encoding="UTF-8"?>
<!-- Generated by org.testng.reporters.JUnitReportReporter -->
<testsuite hostname="khawla" failures="0" tests="3" name="regi.register_testcases" time="59.713" errors="0" timestamp="2023-10-01T17:23:22 CEST" skipped="0">
  <testcase classname="regi.register_testcases" name="registerTestCases" time="17.510"/>
  <testcase classname="regi.register_testcases" name="registerTestCases" time="23.020"/>
  <testcase classname="regi.register_testcases" name="registerTestCases" time="19.183"/>
</testsuite> <!-- regi.register_testcases -->
